MIG: 00:20:20 : Running customizer.xit
MIG: 00:20:20 : ################# RUNNING MIG INTERACTIVE ###################
MIG: 00:20:20 : Writing IN file for 'mig_7series_0'...compDirPath: c:/Xilinx/Vivado/2017.4/data/ip/xilinx/mig_7series_v4_0... instDirPath: c:/Users/lingz/AppData/Roaming/Xilinx/Vivado/.Xil/Vivado-13424-AndrewLing/coregen/mig_7series_0
MIG: 00:20:20 : synp_flow:  -- synthesis_mode: Other
MIG: 00:20:20 : outputDirectory: c:/Users/lingz/AppData/Roaming/Xilinx/Vivado/.Xil/Vivado-13424-AndrewLing/coregen/mig_7series_0/_tmp/
MIG: 00:20:20 : vivado_mode: xpg_pa
MIG: 00:20:20 :  locked false  
MIG: 00:20:20 : HDL Language: Verilog
MIG: 00:20:20 : compInfo: true
MIG: 00:20:20 : relative mig path: coregen/ip/xilinx/other/com/xilinx/ip/mig_7series_v4_0/bin/nt64/mig.exe
MIG: 00:20:20 : xilinx_path: C:/Xilinx/Vivado/2017.4/ids_lite/ISE
MIG: 00:20:20 : I am in catch area
MIG: 00:20:20 : Running C:/Xilinx/Vivado/2017.4/ids_lite/ISE/coregen/ip/xilinx/other/com/xilinx/ip/mig_7series_v4_0/bin/nt64/mig.exe -cg_exc_inp c:/Users/lingz/AppData/Roaming/Xilinx/Vivado/.Xil/Vivado-13424-AndrewLing/coregen/mig_7series_0/xil_txt.in -cg_exc_out c:/Users/lingz/AppData/Roaming/Xilinx/Vivado/.Xil/Vivado-13424-AndrewLing/coregen/mig_7series_0/xil_txt.out ... 
MIG: 00:33:12 : Prasad before: xmlPropertyPrj --  .prj
MIG: 00:33:12 : Prasad After: xmlPropertyPrj -- mig_a.prj
MIG: 00:33:12 : XML_INPUT_FILE: c:/Users/lingz/AppData/Roaming/Xilinx/Vivado/.Xil/Vivado-13424-AndrewLing/coregen/mig_7series_0/mig_a.prj
MIG: 00:33:12 : Component_Name: mig_7series_0
MIG: 00:33:12 : Moving mig_7series_0 ...
MIG: 00:33:12 : Moving mig_7series_0.veo ...
MIG: 00:33:12 : Moving mig_7series_0_xmdf.tcl ...
MIG: 00:33:12 : Sending back 0
MIG: 00:33:20 : xml_input_file: mig_a.prj
MIG: 00:33:20 : Absolute path of xml_input_file: c:/Users/lingz/Desktop/Verilog/termist/vivado/project_mips.srcs/sources_1/ip/mig_7series_0_1/mig_a.prj
MIG: 00:33:20 : xml_input_file: mig_a.prj
MIG: 00:33:20 : Absolute path of xml_input_file: c:/Users/lingz/Desktop/Verilog/termist/vivado/project_mips.srcs/sources_1/ip/mig_7series_0_1/mig_a.prj
MIG: 00:33:20 : In updateAllModelParams
MIG: 00:33:20 : IGN:     <ModuleName>mig_7series_0</ModuleName> <==>     <ModuleName>mig_7series_0</ModuleName> 
MIG: 00:33:20 : IGN:         <InputClkFreq>100</InputClkFreq> <==>         <InputClkFreq>100</InputClkFreq> 
MIG: 00:33:20 : XGUI hdlLanguage: Verilog
MIG: 00:33:20 : xgui vivado_mode: xpg_pa
MIG: 00:33:20 : xgui hdlLanguage: Verilog -- hdlExt: v
MIG: 00:33:20 : Reading C:/Users/lingz/Desktop/Verilog/termist/vivado/project_mips.srcs/sources_1/ip/mig_7series_0_1/mig_7series_0/user_design/rtl/mig_7series_0_mig.v ...
MIG: 00:33:21 : 1
MIG: 00:33:21 : Inside fn mem: DDR3
MIG: 00:33:21 : detect_uiclk: 100000000
MIG: 00:33:21 : cntrl:  memtype: DDR3
MIG: 00:33:21 : 800
MIG: 00:33:21 :  MMCM_VCO single ctrl param_name: MMCM_VCO --  possibleMaxVcoVal: 800 
MIG: 00:33:21 : 
MIG: 00:33:21 : 1
MIG: 00:33:21 : 100000000
MIG: 00:33:21 : 
MIG: 00:33:21 :  polarity_value: 0
MIG: 00:33:21 : ACTIVE_HIGH
MIG: 00:33:21 : 
MIG: 00:33:21 : cntrl:  memtype: DDR3
MIG: 00:33:21 : 
MIG: 00:33:21 :  Valid Param: DDR3_BANK_WIDTH ==> 3
MIG: 00:33:21 : 
MIG: 00:33:21 :  Valid Param: DDR3_CK_WIDTH ==> 1
MIG: 00:33:21 :  Invalid Param: DDR3_COL_WIDTH ==> 10
MIG: 00:33:21 : 
MIG: 00:33:21 :  Valid Param: DDR3_CS_WIDTH ==> 1
MIG: 00:33:21 : 
MIG: 00:33:21 :  Valid Param: DDR3_nCS_PER_RANK ==> 1
MIG: 00:33:21 : 
MIG: 00:33:21 :  Valid Param: DDR3_CKE_WIDTH ==> 1
MIG: 00:33:21 :  Invalid Param: DDR3_DATA_BUF_ADDR_WIDTH ==> 5
MIG: 00:33:21 :  Invalid Param: DDR3_DQ_CNT_WIDTH ==> 4
MIG: 00:33:21 :  Invalid Param: DDR3_DQ_PER_DM ==> 8
MIG: 00:33:21 : 2
MIG: 00:33:21 :  Valid Param: DDR3_DM_WIDTH ==> 2
MIG: 00:33:21 : 16
MIG: 00:33:21 :  Valid Param: DDR3_DQ_WIDTH ==> 16
MIG: 00:33:21 : 2
MIG: 00:33:21 :  Valid Param: DDR3_DQS_WIDTH ==> 2
MIG: 00:33:21 : 
MIG: 00:33:21 :  Valid Param: DDR3_DQS_CNT_WIDTH ==> 1
MIG: 00:33:21 :  Invalid Param: DDR3_DRAM_WIDTH ==> 8
MIG: 00:33:21 : 
MIG: 00:33:21 :  Valid Param: ECC ==> OFF
MIG: 00:33:21 : 16
MIG: 00:33:21 :  Valid Param: DDR3_DATA_WIDTH ==> 16
MIG: 00:33:21 :  Invalid Param: ECC_TEST ==> "OFF"
MIG: 00:33:21 :  Invalid Param: DDR3_PAYLOAD_WIDTH ==> (ECC_TEST == "OFF") ? DATA_WIDTH : DQ_WIDTH
MIG: 00:33:21 :  Invalid Param: DDR3_MEM_ADDR_ORDER ==> "BANK_ROW_COLUMN"
MIG: 00:33:21 :  Invalid Param: DDR3_nBANK_MACHS ==> 4
MIG: 00:33:21 :  Invalid Param: DDR3_RANKS ==> 1
MIG: 00:33:21 : 
MIG: 00:33:21 :  Valid Param: DDR3_ODT_WIDTH ==> 1
MIG: 00:33:21 : 15
MIG: 00:33:21 :  Valid Param: DDR3_ROW_WIDTH ==> 15
MIG: 00:33:21 : 29
MIG: 00:33:21 :  Valid Param: DDR3_ADDR_WIDTH ==> 29
MIG: 00:33:21 : 
MIG: 00:33:21 :  Valid Param: DDR3_USE_CS_PORT ==> 1
MIG: 00:33:21 : 
MIG: 00:33:21 :  Valid Param: DDR3_USE_DM_PORT ==> 1
MIG: 00:33:21 : 
MIG: 00:33:21 :  Valid Param: DDR3_USE_ODT_PORT ==> 1
MIG: 00:33:21 :  Invalid Param: DDR3_IS_CLK_SHARED ==> "FALSE"
MIG: 00:33:21 :  Invalid Param: DDR3_PHY_CONTROL_MASTER_BANK ==> 0
MIG: 00:33:21 :  Invalid Param: DDR3_MEM_DENSITY ==> "4Gb"
MIG: 00:33:21 :  Invalid Param: DDR3_MEM_SPEEDGRADE ==> "15E"
MIG: 00:33:21 :  Invalid Param: DDR3_MEM_DEVICE_WIDTH ==> 16
MIG: 00:33:21 :  Invalid Param: DDR3_AL ==> "0"
MIG: 00:33:21 :  Invalid Param: DDR3_nAL ==> 0
MIG: 00:33:21 :  Invalid Param: DDR3_BURST_MODE ==> "8"
MIG: 00:33:21 :  Invalid Param: DDR3_BURST_TYPE ==> "SEQ"
MIG: 00:33:21 :  Invalid Param: DDR3_CL ==> 6
MIG: 00:33:21 :  Invalid Param: DDR3_CWL ==> 5
MIG: 00:33:21 :  Invalid Param: DDR3_OUTPUT_DRV ==> "HIGH"
MIG: 00:33:21 :  Invalid Param: DDR3_RTT_NOM ==> "60"
MIG: 00:33:21 :  Invalid Param: DDR3_RTT_WR ==> "OFF"
MIG: 00:33:21 :  Invalid Param: DDR3_ADDR_CMD_MODE ==> "1T"
MIG: 00:33:21 : 
MIG: 00:33:21 :  Valid Param: DDR3_REG_CTRL ==> OFF
MIG: 00:33:21 :  Invalid Param: DDR3_CA_MIRROR ==> "OFF"
MIG: 00:33:21 :  Invalid Param: DDR3_VDD_OP_VOLT ==> "150"
MIG: 00:33:21 :  Invalid Param: DDR3_CLKIN_PERIOD ==> 10000
MIG: 00:33:21 :  Invalid Param: DDR3_CLKFBOUT_MULT ==> 8
MIG: 00:33:21 :  Invalid Param: DDR3_DIVCLK_DIVIDE ==> 1
MIG: 00:33:21 :  Invalid Param: DDR3_CLKOUT0_PHASE ==> 0.0
MIG: 00:33:21 :  Invalid Param: DDR3_CLKOUT0_DIVIDE ==> 1
MIG: 00:33:21 :  Invalid Param: DDR3_CLKOUT1_DIVIDE ==> 2
MIG: 00:33:21 :  Invalid Param: DDR3_CLKOUT2_DIVIDE ==> 32
MIG: 00:33:21 :  Invalid Param: DDR3_CLKOUT3_DIVIDE ==> 8
MIG: 00:33:21 :  Invalid Param: DDR3_MMCM_VCO ==> 800
MIG: 00:33:21 :  Invalid Param: DDR3_MMCM_MULT_F ==> 8
MIG: 00:33:21 :  Invalid Param: DDR3_MMCM_DIVCLK_DIVIDE ==> 1
MIG: 00:33:21 :  Invalid Param: DDR3_tCKE ==> 5625
MIG: 00:33:21 :  Invalid Param: DDR3_tFAW ==> 45000
MIG: 00:33:21 :  Invalid Param: DDR3_tPRDI ==> 1_000_000
MIG: 00:33:21 :  Invalid Param: DDR3_tRAS ==> 36000
MIG: 00:33:21 :  Invalid Param: DDR3_tRCD ==> 13500
MIG: 00:33:21 :  Invalid Param: DDR3_tREFI ==> 7800000
MIG: 00:33:21 :  Invalid Param: DDR3_tRFC ==> 260000
MIG: 00:33:21 :  Invalid Param: DDR3_tRP ==> 13500
MIG: 00:33:21 :  Invalid Param: DDR3_tRRD ==> 7500
MIG: 00:33:21 :  Invalid Param: DDR3_tRTP ==> 7500
MIG: 00:33:21 :  Invalid Param: DDR3_tWTR ==> 7500
MIG: 00:33:21 :  Invalid Param: DDR3_tZQI ==> 128_000_000
MIG: 00:33:21 :  Invalid Param: DDR3_tZQCS ==> 64
MIG: 00:33:21 :  Invalid Param: DDR3_SIM_BYPASS_INIT_CAL ==> "OFF"
MIG: 00:33:21 :  Invalid Param: DDR3_SIMULATION ==> "FALSE"
MIG: 00:33:21 :  Invalid Param: DDR3_BYTE_LANES_B0 ==> 4'b1110
MIG: 00:33:21 :  Invalid Param: DDR3_BYTE_LANES_B1 ==> 4'b1100
MIG: 00:33:21 :  Invalid Param: DDR3_BYTE_LANES_B2 ==> 4'b0000
MIG: 00:33:21 :  Invalid Param: DDR3_BYTE_LANES_B3 ==> 4'b0000
MIG: 00:33:21 :  Invalid Param: DDR3_BYTE_LANES_B4 ==> 4'b0000
MIG: 00:33:21 :  Invalid Param: DDR3_DATA_CTL_B0 ==> 4'b0000
MIG: 00:33:21 :  Invalid Param: DDR3_DATA_CTL_B1 ==> 4'b1100
MIG: 00:33:21 :  Invalid Param: DDR3_DATA_CTL_B2 ==> 4'b0000
MIG: 00:33:21 :  Invalid Param: DDR3_DATA_CTL_B3 ==> 4'b0000
MIG: 00:33:21 :  Invalid Param: DDR3_DATA_CTL_B4 ==> 4'b0000
MIG: 00:33:21 :  Invalid Param: DDR3_PHY_0_BITLANES ==> 48'h3FE_FFF_C20_000
MIG: 00:33:21 :  Invalid Param: DDR3_PHY_1_BITLANES ==> 48'h3FE_3FE_000_000
MIG: 00:33:21 :  Invalid Param: DDR3_PHY_2_BITLANES ==> 48'h000_000_000_000
MIG: 00:33:21 :  Invalid Param: DDR3_CK_BYTE_MAP ==> 144'h00_00_00_00_00_00_00_00_00_00_00_00_00_00_00_00_00_03
MIG: 00:33:21 :  Invalid Param: DDR3_ADDR_MAP ==> 192'h000_039_038_037_036_035_034_033_032_031_029_028_027_026_02B_02A
MIG: 00:33:21 :  Invalid Param: DDR3_BANK_MAP ==> 36'h025_024_023
MIG: 00:33:21 :  Invalid Param: DDR3_CAS_MAP ==> 12'h021
MIG: 00:33:21 :  Invalid Param: DDR3_CKE_ODT_BYTE_MAP ==> 8'h00
MIG: 00:33:21 :  Invalid Param: DDR3_CKE_MAP ==> 96'h000_000_000_000_000_000_000_01A
MIG: 00:33:21 :  Invalid Param: DDR3_ODT_MAP ==> 96'h000_000_000_000_000_000_000_015
MIG: 00:33:21 :  Invalid Param: DDR3_CS_MAP ==> 120'h000_000_000_000_000_000_000_000_000_01B
MIG: 00:33:21 :  Invalid Param: DDR3_PARITY_MAP ==> 12'h000
MIG: 00:33:21 :  Invalid Param: DDR3_RAS_MAP ==> 12'h022
MIG: 00:33:21 :  Invalid Param: DDR3_WE_MAP ==> 12'h020
MIG: 00:33:21 :  Invalid Param: DDR3_DQS_BYTE_MAP ==> 144'h00_00_00_00_00_00_00_00_00_00_00_00_00_00_00_00_12_13
MIG: 00:33:21 :  Invalid Param: DDR3_DATA0_MAP ==> 96'h131_132_133_134_135_136_137_138
MIG: 00:33:22 :  Invalid Param: DDR3_DATA1_MAP ==> 96'h121_122_123_124_125_126_127_128
MIG: 00:33:22 :  Invalid Param: DDR3_DATA2_MAP ==> 96'h000_000_000_000_000_000_000_000
MIG: 00:33:22 :  Invalid Param: DDR3_DATA3_MAP ==> 96'h000_000_000_000_000_000_000_000
MIG: 00:33:22 :  Invalid Param: DDR3_DATA4_MAP ==> 96'h000_000_000_000_000_000_000_000
MIG: 00:33:22 :  Invalid Param: DDR3_DATA5_MAP ==> 96'h000_000_000_000_000_000_000_000
MIG: 00:33:22 :  Invalid Param: DDR3_DATA6_MAP ==> 96'h000_000_000_000_000_000_000_000
MIG: 00:33:22 :  Invalid Param: DDR3_DATA7_MAP ==> 96'h000_000_000_000_000_000_000_000
MIG: 00:33:22 :  Invalid Param: DDR3_DATA8_MAP ==> 96'h000_000_000_000_000_000_000_000
MIG: 00:33:22 :  Invalid Param: DDR3_DATA9_MAP ==> 96'h000_000_000_000_000_000_000_000
MIG: 00:33:22 :  Invalid Param: DDR3_DATA10_MAP ==> 96'h000_000_000_000_000_000_000_000
MIG: 00:33:22 :  Invalid Param: DDR3_DATA11_MAP ==> 96'h000_000_000_000_000_000_000_000
MIG: 00:33:22 :  Invalid Param: DDR3_DATA12_MAP ==> 96'h000_000_000_000_000_000_000_000
MIG: 00:33:22 :  Invalid Param: DDR3_DATA13_MAP ==> 96'h000_000_000_000_000_000_000_000
MIG: 00:33:22 :  Invalid Param: DDR3_DATA14_MAP ==> 96'h000_000_000_000_000_000_000_000
MIG: 00:33:22 :  Invalid Param: DDR3_DATA15_MAP ==> 96'h000_000_000_000_000_000_000_000
MIG: 00:33:22 :  Invalid Param: DDR3_DATA16_MAP ==> 96'h000_000_000_000_000_000_000_000
MIG: 00:33:22 :  Invalid Param: DDR3_DATA17_MAP ==> 96'h000_000_000_000_000_000_000_000
MIG: 00:33:22 :  Invalid Param: DDR3_MASK0_MAP ==> 108'h000_000_000_000_000_000_000_129_139
MIG: 00:33:22 :  Invalid Param: DDR3_MASK1_MAP ==> 108'h000_000_000_000_000_000_000_000_000
MIG: 00:33:22 :  Invalid Param: DDR3_SLOT_0_CONFIG ==> 8'b0000_0001
MIG: 00:33:22 :  Invalid Param: DDR3_SLOT_1_CONFIG ==> 8'b0000_0000
MIG: 00:33:22 :  Invalid Param: DDR3_IBUF_LPWR_MODE ==> "OFF"
MIG: 00:33:22 :  Invalid Param: DDR3_DATA_IO_IDLE_PWRDWN ==> "ON"
MIG: 00:33:22 :  Invalid Param: DDR3_BANK_TYPE ==> "HR_IO"
MIG: 00:33:22 :  Invalid Param: DDR3_DATA_IO_PRIM_TYPE ==> "HR_LP"
MIG: 00:33:22 :  Invalid Param: DDR3_CKE_ODT_AUX ==> "FALSE"
MIG: 00:33:22 :  Invalid Param: DDR3_USER_REFRESH ==> "OFF"
MIG: 00:33:22 :  Invalid Param: DDR3_WRLVL ==> "ON"
MIG: 00:33:22 :  Invalid Param: DDR3_ORDERING ==> "STRICT"
MIG: 00:33:22 :  Invalid Param: DDR3_CALIB_ROW_ADD ==> 16'h0000
MIG: 00:33:22 :  Invalid Param: DDR3_CALIB_COL_ADD ==> 12'h000
MIG: 00:33:22 :  Invalid Param: DDR3_CALIB_BA_ADD ==> 3'h0
MIG: 00:33:22 :  Invalid Param: DDR3_TCQ ==> 100
MIG: 00:33:22 :  Invalid Param: DDR3_IDELAY_ADJ ==> "OFF"
MIG: 00:33:22 :  Invalid Param: DDR3_FINE_PER_BIT ==> "OFF"
MIG: 00:33:22 :  Invalid Param: DDR3_CENTER_COMP_MODE ==> "OFF"
MIG: 00:33:22 :  Invalid Param: DDR3_PI_VAL_ADJ ==> "OFF"
MIG: 00:33:22 :  Invalid Param: DDR3_IODELAY_GRP0 ==> "MIG_7SERIES_0_IODELAY_MIG0"
MIG: 00:33:22 :  Invalid Param: DDR3_IODELAY_GRP1 ==> "MIG_7SERIES_0_IODELAY_MIG1"
MIG: 00:33:22 :  Invalid Param: DDR3_SYSCLK_TYPE ==> "NO_BUFFER"
MIG: 00:33:22 :  Invalid Param: DDR3_REFCLK_TYPE ==> "NO_BUFFER"
MIG: 00:33:22 :  Invalid Param: DDR3_SYS_RST_PORT ==> "FALSE"
MIG: 00:33:22 :  Invalid Param: DDR3_FPGA_SPEED_GRADE ==> 1
MIG: 00:33:22 :  Invalid Param: DDR3_CMD_PIPE_PLUS1 ==> "ON"
MIG: 00:33:22 :  Invalid Param: DDR3_DRAM_TYPE ==> "DDR3"
MIG: 00:33:22 :  Invalid Param: DDR3_CAL_WIDTH ==> "HALF"
MIG: 00:33:22 :  Invalid Param: DDR3_STARVE_LIMIT ==> 2
MIG: 00:33:22 :  Invalid Param: DDR3_REF_CLK_MMCM_IODELAY_CTRL ==> "FALSE"
MIG: 00:33:22 :  Invalid Param: DDR3_REFCLK_FREQ ==> 200.0
MIG: 00:33:22 :  Invalid Param: DDR3_DIFF_TERM_REFCLK ==> "TRUE"
MIG: 00:33:22 :  Invalid Param: DDR3_tCK ==> 2500
MIG: 00:33:22 : 4
MIG: 00:33:22 :  Valid Param: DDR3_nCK_PER_CLK ==> 4
MIG: 00:33:22 :  Invalid Param: DDR3_DIFF_TERM_SYSCLK ==> "TRUE"
MIG: 00:33:22 : 
MIG: 00:33:22 :  Valid Param: UI_EXTRA_CLOCKS ==> FALSE
MIG: 00:33:22 : 
MIG: 00:33:22 :  Valid Param: C_S_AXI_ID_WIDTH ==> 4
MIG: 00:33:22 : 536870912
MIG: 00:33:22 :  Valid Param: C_S_AXI_MEM_SIZE ==> 536870912
MIG: 00:33:22 : 29
MIG: 00:33:22 :  Valid Param: C_S_AXI_ADDR_WIDTH ==> 29
MIG: 00:33:22 : 
MIG: 00:33:22 :  Valid Param: C_S_AXI_DATA_WIDTH ==> 32
MIG: 00:33:22 :  Invalid Param: DDR3_C_MC_nCK_PER_CLK ==> 4
MIG: 00:33:22 :  Invalid Param: C_S_AXI_SUPPORTS_NARROW_BURST ==> 0
MIG: 00:33:22 :  Invalid Param: DDR3_C_RD_WR_ARB_ALGORITHM ==> "RD_PRI_REG"
MIG: 00:33:22 :  Invalid Param: C_S_AXI_REG_EN0 ==> 20'h00000
MIG: 00:33:22 :  Invalid Param: C_S_AXI_REG_EN1 ==> 20'h00000
MIG: 00:33:22 : 
MIG: 00:33:22 :  Valid Param: C_S_AXI_CTRL_ADDR_WIDTH ==> 32
MIG: 00:33:22 : 
MIG: 00:33:22 :  Valid Param: C_S_AXI_CTRL_DATA_WIDTH ==> 32
MIG: 00:33:22 :  Invalid Param: C_S_AXI_BASEADDR ==> 32'h0000_0000
MIG: 00:33:22 :  Invalid Param: C_ECC_ONOFF_RESET_VALUE ==> 1
MIG: 00:33:22 :  Invalid Param: C_ECC_CE_COUNTER_WIDTH ==> 8
MIG: 00:33:22 : 
MIG: 00:33:22 :  Valid Param: DDR3_DEBUG_PORT ==> OFF
MIG: 00:33:22 : 
MIG: 00:33:22 :  Invalid Param: DDR3_TEMP_MON_CONTROL ==> "INTERNAL"
MIG: 00:33:22 :  Invalid Param: DDR3_FPGA_VOLT_TYPE ==> "N"
MIG: 00:33:22 :  Invalid Param: DDR3_RST_ACT_LOW ==> 0
MIG: 00:33:22 : NOBUF
MIG: 00:33:22 : NOBUF
MIG: 00:33:22 : 
MIG: 00:33:22 : Same Interface
MIG: 00:33:45 : Running synthesis.xit
MIG: 00:33:46 : IGN:     <ModuleName>mig_7series_0</ModuleName> <==>     <ModuleName>mig_7series_0</ModuleName> 
MIG: 00:33:46 : IGN:         <InputClkFreq>100</InputClkFreq> <==>         <InputClkFreq>100</InputClkFreq> 
MIG: 00:33:46 : Running vlog_synth_rpr.xit
MIG: 00:33:46 : IGN:     <ModuleName>mig_7series_0</ModuleName> <==>     <ModuleName>mig_7series_0</ModuleName> 
MIG: 00:33:46 : IGN:         <InputClkFreq>100</InputClkFreq> <==>         <InputClkFreq>100</InputClkFreq> 
MIG: 00:33:46 : Running simulation.xit
MIG: 00:33:46 : IGN:     <ModuleName>mig_7series_0</ModuleName> <==>     <ModuleName>mig_7series_0</ModuleName> 
MIG: 00:33:46 : IGN:         <InputClkFreq>100</InputClkFreq> <==>         <InputClkFreq>100</InputClkFreq> 
MIG: 00:33:47 : Running vlog_sim_rpr.xit .. PRASAD DBG1
MIG: 00:33:47 : IGN:     <ModuleName>mig_7series_0</ModuleName> <==>     <ModuleName>mig_7series_0</ModuleName> 
MIG: 00:33:47 : IGN:         <InputClkFreq>100</InputClkFreq> <==>         <InputClkFreq>100</InputClkFreq> 
MIG: 00:33:47 : Running implementation.xit
MIG: 00:33:47 : IGN:     <ModuleName>mig_7series_0</ModuleName> <==>     <ModuleName>mig_7series_0</ModuleName> 
MIG: 00:33:47 : IGN:         <InputClkFreq>100</InputClkFreq> <==>         <InputClkFreq>100</InputClkFreq> 
MIG: 01:00:39 : Running customizer.xit
MIG: 01:00:39 : ################# RUNNING MIG INTERACTIVE ###################
MIG: 01:00:39 : Writing IN file for 'mig_7series_0'...compDirPath: c:/Xilinx/Vivado/2017.4/data/ip/xilinx/mig_7series_v4_0... instDirPath: c:/Users/lingz/AppData/Roaming/Xilinx/Vivado/.Xil/Vivado-13424-AndrewLing/coregen/mig_7series_0
MIG: 01:00:39 : synp_flow:  -- synthesis_mode: Other
MIG: 01:00:39 : outputDirectory: c:/Users/lingz/AppData/Roaming/Xilinx/Vivado/.Xil/Vivado-13424-AndrewLing/coregen/mig_7series_0/_tmp/
MIG: 01:00:39 : vivado_mode: xpg_pa
MIG: 01:00:39 :  locked false  
MIG: 01:00:39 : HDL Language: Verilog
MIG: 01:00:39 : compInfo: false
MIG: 01:00:39 : Vivado Options xc7a100t fgg484 -1
MIG: 01:00:39 : 1: xc7a100t 2: fgg484 3: -1
MIG: 01:00:39 : relative mig path: coregen/ip/xilinx/other/com/xilinx/ip/mig_7series_v4_0/bin/nt64/mig.exe
MIG: 01:00:39 : xilinx_path: C:/Xilinx/Vivado/2017.4/ids_lite/ISE
MIG: 01:00:39 : I am in catch area
MIG: 01:00:39 : Running C:/Xilinx/Vivado/2017.4/ids_lite/ISE/coregen/ip/xilinx/other/com/xilinx/ip/mig_7series_v4_0/bin/nt64/mig.exe -cg_exc_inp c:/Users/lingz/AppData/Roaming/Xilinx/Vivado/.Xil/Vivado-13424-AndrewLing/coregen/mig_7series_0/xil_txt.in -cg_exc_out c:/Users/lingz/AppData/Roaming/Xilinx/Vivado/.Xil/Vivado-13424-AndrewLing/coregen/mig_7series_0/xil_txt.out ... 
MIG: 01:01:46 : Prasad before: xmlPropertyPrj -- mig_a.prj
MIG: 01:01:46 : Prasad After: xmlPropertyPrj -- mig_b.prj
MIG: 01:01:46 : XML_INPUT_FILE: c:/Users/lingz/AppData/Roaming/Xilinx/Vivado/.Xil/Vivado-13424-AndrewLing/coregen/mig_7series_0/mig_b.prj
MIG: 01:01:46 : Component_Name: mig_7series_0
MIG: 01:01:46 : Moving mig_7series_0 ...
MIG: 01:01:46 : Moving mig_7series_0.veo ...
MIG: 01:01:46 : Moving mig_7series_0_xmdf.tcl ...
MIG: 01:01:46 : Sending back 0
MIG: 01:01:47 : xml_input_file: mig_b.prj
MIG: 01:01:47 : Absolute path of xml_input_file: c:/Users/lingz/Desktop/Verilog/termist/vivado/project_mips.srcs/sources_1/ip/mig_7series_0_1/mig_b.prj
MIG: 01:01:47 : xml_input_file: mig_b.prj
MIG: 01:01:47 : Absolute path of xml_input_file: c:/Users/lingz/Desktop/Verilog/termist/vivado/project_mips.srcs/sources_1/ip/mig_7series_0_1/mig_b.prj
MIG: 01:01:47 : In updateAllModelParams
MIG: 01:01:47 : IGN:     <ModuleName>mig_7series_0</ModuleName> <==>     <ModuleName>mig_7series_0</ModuleName> 
MIG: 01:01:47 : IGN:         <InputClkFreq>200</InputClkFreq> <==>         <InputClkFreq>200</InputClkFreq> 
MIG: 01:01:47 : XGUI hdlLanguage: Verilog
MIG: 01:01:47 : xgui vivado_mode: xpg_pa
MIG: 01:01:47 : xgui hdlLanguage: Verilog -- hdlExt: v
MIG: 01:01:47 : Reading C:/Users/lingz/Desktop/Verilog/termist/vivado/project_mips.srcs/sources_1/ip/mig_7series_0_1/mig_7series_0/user_design/rtl/mig_7series_0_mig.v ...
MIG: 01:01:48 : 
MIG: 01:01:48 : Inside fn mem: DDR3
MIG: 01:01:48 : detect_uiclk: 100000000
MIG: 01:01:48 : cntrl:  memtype: DDR3
MIG: 01:01:48 : 
MIG: 01:01:48 :  MMCM_VCO single ctrl param_name: MMCM_VCO --  possibleMaxVcoVal: 800 
MIG: 01:01:48 : 
MIG: 01:01:48 : 
MIG: 01:01:48 : 
MIG: 01:01:48 : 
MIG: 01:01:48 :  polarity_value: 0
MIG: 01:01:48 : 
MIG: 01:01:48 : 
MIG: 01:01:48 : cntrl:  memtype: DDR3
MIG: 01:01:48 : 
MIG: 01:01:48 :  Valid Param: DDR3_BANK_WIDTH ==> 3
MIG: 01:01:48 : 
MIG: 01:01:48 :  Valid Param: DDR3_CK_WIDTH ==> 1
MIG: 01:01:48 :  Invalid Param: DDR3_COL_WIDTH ==> 10
MIG: 01:01:49 : 
MIG: 01:01:49 :  Valid Param: DDR3_CS_WIDTH ==> 1
MIG: 01:01:49 : 
MIG: 01:01:49 :  Valid Param: DDR3_nCS_PER_RANK ==> 1
MIG: 01:01:49 : 
MIG: 01:01:49 :  Valid Param: DDR3_CKE_WIDTH ==> 1
MIG: 01:01:49 :  Invalid Param: DDR3_DATA_BUF_ADDR_WIDTH ==> 5
MIG: 01:01:49 :  Invalid Param: DDR3_DQ_CNT_WIDTH ==> 4
MIG: 01:01:49 :  Invalid Param: DDR3_DQ_PER_DM ==> 8
MIG: 01:01:49 : 
MIG: 01:01:49 :  Valid Param: DDR3_DM_WIDTH ==> 2
MIG: 01:01:49 : 
MIG: 01:01:49 :  Valid Param: DDR3_DQ_WIDTH ==> 16
MIG: 01:01:49 : 
MIG: 01:01:49 :  Valid Param: DDR3_DQS_WIDTH ==> 2
MIG: 01:01:49 : 
MIG: 01:01:49 :  Valid Param: DDR3_DQS_CNT_WIDTH ==> 1
MIG: 01:01:49 :  Invalid Param: DDR3_DRAM_WIDTH ==> 8
MIG: 01:01:49 : 
MIG: 01:01:49 :  Valid Param: ECC ==> OFF
MIG: 01:01:49 : 
MIG: 01:01:49 :  Valid Param: DDR3_DATA_WIDTH ==> 16
MIG: 01:01:49 :  Invalid Param: ECC_TEST ==> "OFF"
MIG: 01:01:49 :  Invalid Param: DDR3_PAYLOAD_WIDTH ==> (ECC_TEST == "OFF") ? DATA_WIDTH : DQ_WIDTH
MIG: 01:01:49 :  Invalid Param: DDR3_MEM_ADDR_ORDER ==> "BANK_ROW_COLUMN"
MIG: 01:01:49 :  Invalid Param: DDR3_nBANK_MACHS ==> 4
MIG: 01:01:49 :  Invalid Param: DDR3_RANKS ==> 1
MIG: 01:01:49 : 
MIG: 01:01:49 :  Valid Param: DDR3_ODT_WIDTH ==> 1
MIG: 01:01:49 : 
MIG: 01:01:49 :  Valid Param: DDR3_ROW_WIDTH ==> 15
MIG: 01:01:49 : 
MIG: 01:01:49 :  Valid Param: DDR3_ADDR_WIDTH ==> 29
MIG: 01:01:49 : 
MIG: 01:01:49 :  Valid Param: DDR3_USE_CS_PORT ==> 1
MIG: 01:01:49 : 
MIG: 01:01:49 :  Valid Param: DDR3_USE_DM_PORT ==> 1
MIG: 01:01:49 : 
MIG: 01:01:49 :  Valid Param: DDR3_USE_ODT_PORT ==> 1
MIG: 01:01:49 :  Invalid Param: DDR3_IS_CLK_SHARED ==> "FALSE"
MIG: 01:01:49 :  Invalid Param: DDR3_PHY_CONTROL_MASTER_BANK ==> 0
MIG: 01:01:49 :  Invalid Param: DDR3_MEM_DENSITY ==> "4Gb"
MIG: 01:01:49 :  Invalid Param: DDR3_MEM_SPEEDGRADE ==> "15E"
MIG: 01:01:49 :  Invalid Param: DDR3_MEM_DEVICE_WIDTH ==> 16
MIG: 01:01:49 :  Invalid Param: DDR3_AL ==> "0"
MIG: 01:01:49 :  Invalid Param: DDR3_nAL ==> 0
MIG: 01:01:49 :  Invalid Param: DDR3_BURST_MODE ==> "8"
MIG: 01:01:49 :  Invalid Param: DDR3_BURST_TYPE ==> "SEQ"
MIG: 01:01:49 :  Invalid Param: DDR3_CL ==> 6
MIG: 01:01:49 :  Invalid Param: DDR3_CWL ==> 5
MIG: 01:01:49 :  Invalid Param: DDR3_OUTPUT_DRV ==> "HIGH"
MIG: 01:01:49 :  Invalid Param: DDR3_RTT_NOM ==> "60"
MIG: 01:01:49 :  Invalid Param: DDR3_RTT_WR ==> "OFF"
MIG: 01:01:49 :  Invalid Param: DDR3_ADDR_CMD_MODE ==> "1T"
MIG: 01:01:49 : 
MIG: 01:01:49 :  Valid Param: DDR3_REG_CTRL ==> OFF
MIG: 01:01:49 :  Invalid Param: DDR3_CA_MIRROR ==> "OFF"
MIG: 01:01:49 :  Invalid Param: DDR3_VDD_OP_VOLT ==> "150"
MIG: 01:01:49 :  Invalid Param: DDR3_CLKIN_PERIOD ==> 5000
MIG: 01:01:49 :  Invalid Param: DDR3_CLKFBOUT_MULT ==> 4
MIG: 01:01:49 :  Invalid Param: DDR3_DIVCLK_DIVIDE ==> 1
MIG: 01:01:49 :  Invalid Param: DDR3_CLKOUT0_PHASE ==> 0.0
MIG: 01:01:49 :  Invalid Param: DDR3_CLKOUT0_DIVIDE ==> 1
MIG: 01:01:49 :  Invalid Param: DDR3_CLKOUT1_DIVIDE ==> 2
MIG: 01:01:49 :  Invalid Param: DDR3_CLKOUT2_DIVIDE ==> 32
MIG: 01:01:49 :  Invalid Param: DDR3_CLKOUT3_DIVIDE ==> 8
MIG: 01:01:49 :  Invalid Param: DDR3_MMCM_VCO ==> 800
MIG: 01:01:49 :  Invalid Param: DDR3_MMCM_MULT_F ==> 8
MIG: 01:01:49 :  Invalid Param: DDR3_MMCM_DIVCLK_DIVIDE ==> 1
MIG: 01:01:49 :  Invalid Param: DDR3_tCKE ==> 5625
MIG: 01:01:49 :  Invalid Param: DDR3_tFAW ==> 45000
MIG: 01:01:49 :  Invalid Param: DDR3_tPRDI ==> 1_000_000
MIG: 01:01:49 :  Invalid Param: DDR3_tRAS ==> 36000
MIG: 01:01:49 :  Invalid Param: DDR3_tRCD ==> 13500
MIG: 01:01:49 :  Invalid Param: DDR3_tREFI ==> 7800000
MIG: 01:01:49 :  Invalid Param: DDR3_tRFC ==> 260000
MIG: 01:01:49 :  Invalid Param: DDR3_tRP ==> 13500
MIG: 01:01:49 :  Invalid Param: DDR3_tRRD ==> 7500
MIG: 01:01:49 :  Invalid Param: DDR3_tRTP ==> 7500
MIG: 01:01:49 :  Invalid Param: DDR3_tWTR ==> 7500
MIG: 01:01:49 :  Invalid Param: DDR3_tZQI ==> 128_000_000
MIG: 01:01:49 :  Invalid Param: DDR3_tZQCS ==> 64
MIG: 01:01:49 :  Invalid Param: DDR3_SIM_BYPASS_INIT_CAL ==> "OFF"
MIG: 01:01:49 :  Invalid Param: DDR3_SIMULATION ==> "FALSE"
MIG: 01:01:49 :  Invalid Param: DDR3_BYTE_LANES_B0 ==> 4'b1110
MIG: 01:01:49 :  Invalid Param: DDR3_BYTE_LANES_B1 ==> 4'b1100
MIG: 01:01:49 :  Invalid Param: DDR3_BYTE_LANES_B2 ==> 4'b0000
MIG: 01:01:49 :  Invalid Param: DDR3_BYTE_LANES_B3 ==> 4'b0000
MIG: 01:01:49 :  Invalid Param: DDR3_BYTE_LANES_B4 ==> 4'b0000
MIG: 01:01:49 :  Invalid Param: DDR3_DATA_CTL_B0 ==> 4'b0000
MIG: 01:01:49 :  Invalid Param: DDR3_DATA_CTL_B1 ==> 4'b1100
MIG: 01:01:49 :  Invalid Param: DDR3_DATA_CTL_B2 ==> 4'b0000
MIG: 01:01:49 :  Invalid Param: DDR3_DATA_CTL_B3 ==> 4'b0000
MIG: 01:01:49 :  Invalid Param: DDR3_DATA_CTL_B4 ==> 4'b0000
MIG: 01:01:49 :  Invalid Param: DDR3_PHY_0_BITLANES ==> 48'h3FE_FFF_C20_000
MIG: 01:01:49 :  Invalid Param: DDR3_PHY_1_BITLANES ==> 48'h3FE_3FE_000_000
MIG: 01:01:49 :  Invalid Param: DDR3_PHY_2_BITLANES ==> 48'h000_000_000_000
MIG: 01:01:49 :  Invalid Param: DDR3_CK_BYTE_MAP ==> 144'h00_00_00_00_00_00_00_00_00_00_00_00_00_00_00_00_00_03
MIG: 01:01:49 :  Invalid Param: DDR3_ADDR_MAP ==> 192'h000_039_038_037_036_035_034_033_032_031_029_028_027_026_02B_02A
MIG: 01:01:49 :  Invalid Param: DDR3_BANK_MAP ==> 36'h025_024_023
MIG: 01:01:49 :  Invalid Param: DDR3_CAS_MAP ==> 12'h021
MIG: 01:01:49 :  Invalid Param: DDR3_CKE_ODT_BYTE_MAP ==> 8'h00
MIG: 01:01:49 :  Invalid Param: DDR3_CKE_MAP ==> 96'h000_000_000_000_000_000_000_01A
MIG: 01:01:49 :  Invalid Param: DDR3_ODT_MAP ==> 96'h000_000_000_000_000_000_000_015
MIG: 01:01:49 :  Invalid Param: DDR3_CS_MAP ==> 120'h000_000_000_000_000_000_000_000_000_01B
MIG: 01:01:49 :  Invalid Param: DDR3_PARITY_MAP ==> 12'h000
MIG: 01:01:49 :  Invalid Param: DDR3_RAS_MAP ==> 12'h022
MIG: 01:01:49 :  Invalid Param: DDR3_WE_MAP ==> 12'h020
MIG: 01:01:49 :  Invalid Param: DDR3_DQS_BYTE_MAP ==> 144'h00_00_00_00_00_00_00_00_00_00_00_00_00_00_00_00_12_13
MIG: 01:01:49 :  Invalid Param: DDR3_DATA0_MAP ==> 96'h131_132_133_134_135_136_137_138
MIG: 01:01:49 :  Invalid Param: DDR3_DATA1_MAP ==> 96'h121_122_123_124_125_126_127_128
MIG: 01:01:49 :  Invalid Param: DDR3_DATA2_MAP ==> 96'h000_000_000_000_000_000_000_000
MIG: 01:01:49 :  Invalid Param: DDR3_DATA3_MAP ==> 96'h000_000_000_000_000_000_000_000
MIG: 01:01:49 :  Invalid Param: DDR3_DATA4_MAP ==> 96'h000_000_000_000_000_000_000_000
MIG: 01:01:49 :  Invalid Param: DDR3_DATA5_MAP ==> 96'h000_000_000_000_000_000_000_000
MIG: 01:01:49 :  Invalid Param: DDR3_DATA6_MAP ==> 96'h000_000_000_000_000_000_000_000
MIG: 01:01:49 :  Invalid Param: DDR3_DATA7_MAP ==> 96'h000_000_000_000_000_000_000_000
MIG: 01:01:49 :  Invalid Param: DDR3_DATA8_MAP ==> 96'h000_000_000_000_000_000_000_000
MIG: 01:01:49 :  Invalid Param: DDR3_DATA9_MAP ==> 96'h000_000_000_000_000_000_000_000
MIG: 01:01:49 :  Invalid Param: DDR3_DATA10_MAP ==> 96'h000_000_000_000_000_000_000_000
MIG: 01:01:49 :  Invalid Param: DDR3_DATA11_MAP ==> 96'h000_000_000_000_000_000_000_000
MIG: 01:01:49 :  Invalid Param: DDR3_DATA12_MAP ==> 96'h000_000_000_000_000_000_000_000
MIG: 01:01:49 :  Invalid Param: DDR3_DATA13_MAP ==> 96'h000_000_000_000_000_000_000_000
MIG: 01:01:49 :  Invalid Param: DDR3_DATA14_MAP ==> 96'h000_000_000_000_000_000_000_000
MIG: 01:01:49 :  Invalid Param: DDR3_DATA15_MAP ==> 96'h000_000_000_000_000_000_000_000
MIG: 01:01:49 :  Invalid Param: DDR3_DATA16_MAP ==> 96'h000_000_000_000_000_000_000_000
MIG: 01:01:49 :  Invalid Param: DDR3_DATA17_MAP ==> 96'h000_000_000_000_000_000_000_000
MIG: 01:01:49 :  Invalid Param: DDR3_MASK0_MAP ==> 108'h000_000_000_000_000_000_000_129_139
MIG: 01:01:49 :  Invalid Param: DDR3_MASK1_MAP ==> 108'h000_000_000_000_000_000_000_000_000
MIG: 01:01:49 :  Invalid Param: DDR3_SLOT_0_CONFIG ==> 8'b0000_0001
MIG: 01:01:49 :  Invalid Param: DDR3_SLOT_1_CONFIG ==> 8'b0000_0000
MIG: 01:01:49 :  Invalid Param: DDR3_IBUF_LPWR_MODE ==> "OFF"
MIG: 01:01:49 :  Invalid Param: DDR3_DATA_IO_IDLE_PWRDWN ==> "ON"
MIG: 01:01:49 :  Invalid Param: DDR3_BANK_TYPE ==> "HR_IO"
MIG: 01:01:49 :  Invalid Param: DDR3_DATA_IO_PRIM_TYPE ==> "HR_LP"
MIG: 01:01:49 :  Invalid Param: DDR3_CKE_ODT_AUX ==> "FALSE"
MIG: 01:01:49 :  Invalid Param: DDR3_USER_REFRESH ==> "OFF"
MIG: 01:01:49 :  Invalid Param: DDR3_WRLVL ==> "ON"
MIG: 01:01:49 :  Invalid Param: DDR3_ORDERING ==> "STRICT"
MIG: 01:01:49 :  Invalid Param: DDR3_CALIB_ROW_ADD ==> 16'h0000
MIG: 01:01:49 :  Invalid Param: DDR3_CALIB_COL_ADD ==> 12'h000
MIG: 01:01:49 :  Invalid Param: DDR3_CALIB_BA_ADD ==> 3'h0
MIG: 01:01:49 :  Invalid Param: DDR3_TCQ ==> 100
MIG: 01:01:49 :  Invalid Param: DDR3_IDELAY_ADJ ==> "OFF"
MIG: 01:01:49 :  Invalid Param: DDR3_FINE_PER_BIT ==> "OFF"
MIG: 01:01:49 :  Invalid Param: DDR3_CENTER_COMP_MODE ==> "OFF"
MIG: 01:01:49 :  Invalid Param: DDR3_PI_VAL_ADJ ==> "OFF"
MIG: 01:01:49 :  Invalid Param: DDR3_IODELAY_GRP0 ==> "MIG_7SERIES_0_IODELAY_MIG0"
MIG: 01:01:49 :  Invalid Param: DDR3_IODELAY_GRP1 ==> "MIG_7SERIES_0_IODELAY_MIG1"
MIG: 01:01:49 :  Invalid Param: DDR3_SYSCLK_TYPE ==> "NO_BUFFER"
MIG: 01:01:49 :  Invalid Param: DDR3_REFCLK_TYPE ==> "USE_SYSTEM_CLOCK"
MIG: 01:01:49 :  Invalid Param: DDR3_SYS_RST_PORT ==> "FALSE"
MIG: 01:01:49 :  Invalid Param: DDR3_FPGA_SPEED_GRADE ==> 1
MIG: 01:01:49 :  Invalid Param: DDR3_CMD_PIPE_PLUS1 ==> "ON"
MIG: 01:01:49 :  Invalid Param: DDR3_DRAM_TYPE ==> "DDR3"
MIG: 01:01:50 :  Invalid Param: DDR3_CAL_WIDTH ==> "HALF"
MIG: 01:01:50 :  Invalid Param: DDR3_STARVE_LIMIT ==> 2
MIG: 01:01:50 :  Invalid Param: DDR3_REF_CLK_MMCM_IODELAY_CTRL ==> "FALSE"
MIG: 01:01:50 :  Invalid Param: DDR3_REFCLK_FREQ ==> 200.0
MIG: 01:01:50 :  Invalid Param: DDR3_DIFF_TERM_REFCLK ==> "TRUE"
MIG: 01:01:50 :  Invalid Param: DDR3_tCK ==> 2500
MIG: 01:01:50 : 
MIG: 01:01:50 :  Valid Param: DDR3_nCK_PER_CLK ==> 4
MIG: 01:01:50 :  Invalid Param: DDR3_DIFF_TERM_SYSCLK ==> "TRUE"
MIG: 01:01:50 : 
MIG: 01:01:50 :  Valid Param: UI_EXTRA_CLOCKS ==> FALSE
MIG: 01:01:50 : 
MIG: 01:01:50 :  Valid Param: C_S_AXI_ID_WIDTH ==> 4
MIG: 01:01:50 : 
MIG: 01:01:50 :  Valid Param: C_S_AXI_MEM_SIZE ==> 536870912
MIG: 01:01:50 : 
MIG: 01:01:50 :  Valid Param: C_S_AXI_ADDR_WIDTH ==> 29
MIG: 01:01:50 : 
MIG: 01:01:50 :  Valid Param: C_S_AXI_DATA_WIDTH ==> 32
MIG: 01:01:50 :  Invalid Param: DDR3_C_MC_nCK_PER_CLK ==> 4
MIG: 01:01:50 :  Invalid Param: C_S_AXI_SUPPORTS_NARROW_BURST ==> 0
MIG: 01:01:50 :  Invalid Param: DDR3_C_RD_WR_ARB_ALGORITHM ==> "RD_PRI_REG"
MIG: 01:01:50 :  Invalid Param: C_S_AXI_REG_EN0 ==> 20'h00000
MIG: 01:01:50 :  Invalid Param: C_S_AXI_REG_EN1 ==> 20'h00000
MIG: 01:01:50 : 
MIG: 01:01:50 :  Valid Param: C_S_AXI_CTRL_ADDR_WIDTH ==> 32
MIG: 01:01:50 : 
MIG: 01:01:50 :  Valid Param: C_S_AXI_CTRL_DATA_WIDTH ==> 32
MIG: 01:01:50 :  Invalid Param: C_S_AXI_BASEADDR ==> 32'h0000_0000
MIG: 01:01:50 :  Invalid Param: C_ECC_ONOFF_RESET_VALUE ==> 1
MIG: 01:01:50 :  Invalid Param: C_ECC_CE_COUNTER_WIDTH ==> 8
MIG: 01:01:50 : 
MIG: 01:01:50 :  Valid Param: DDR3_DEBUG_PORT ==> OFF
MIG: 01:01:50 : 
MIG: 01:01:50 :  Invalid Param: DDR3_TEMP_MON_CONTROL ==> "INTERNAL"
MIG: 01:01:50 :  Invalid Param: DDR3_FPGA_VOLT_TYPE ==> "N"
MIG: 01:01:50 :  Invalid Param: DDR3_RST_ACT_LOW ==> 0
MIG: 01:01:50 : 
MIG: 01:01:50 : NONE
MIG: 01:01:50 : 
MIG: 01:01:50 : Same Interface
MIG: 01:02:32 : Running customizer.xit
MIG: 01:02:32 : ################# RUNNING MIG INTERACTIVE ###################
MIG: 01:02:32 : Writing IN file for 'mig_7series_0'...compDirPath: c:/Xilinx/Vivado/2017.4/data/ip/xilinx/mig_7series_v4_0... instDirPath: c:/Users/lingz/AppData/Roaming/Xilinx/Vivado/.Xil/Vivado-13424-AndrewLing/coregen/mig_7series_0
MIG: 01:02:32 : synp_flow:  -- synthesis_mode: Other
MIG: 01:02:32 : outputDirectory: c:/Users/lingz/AppData/Roaming/Xilinx/Vivado/.Xil/Vivado-13424-AndrewLing/coregen/mig_7series_0/_tmp/
MIG: 01:02:32 : vivado_mode: xpg_pa
MIG: 01:02:32 :  locked false  
MIG: 01:02:32 : HDL Language: Verilog
MIG: 01:02:32 : compInfo: false
MIG: 01:02:32 : Vivado Options xc7a100t fgg484 -1
MIG: 01:02:32 : 1: xc7a100t 2: fgg484 3: -1
MIG: 01:02:32 : relative mig path: coregen/ip/xilinx/other/com/xilinx/ip/mig_7series_v4_0/bin/nt64/mig.exe
MIG: 01:02:32 : xilinx_path: C:/Xilinx/Vivado/2017.4/ids_lite/ISE
MIG: 01:02:32 : I am in catch area
MIG: 01:02:32 : Running C:/Xilinx/Vivado/2017.4/ids_lite/ISE/coregen/ip/xilinx/other/com/xilinx/ip/mig_7series_v4_0/bin/nt64/mig.exe -cg_exc_inp c:/Users/lingz/AppData/Roaming/Xilinx/Vivado/.Xil/Vivado-13424-AndrewLing/coregen/mig_7series_0/xil_txt.in -cg_exc_out c:/Users/lingz/AppData/Roaming/Xilinx/Vivado/.Xil/Vivado-13424-AndrewLing/coregen/mig_7series_0/xil_txt.out ... 
MIG: 01:03:41 : Prasad before: xmlPropertyPrj -- mig_b.prj
MIG: 01:03:41 : Prasad After: xmlPropertyPrj -- mig_a.prj
MIG: 01:03:41 : XML_INPUT_FILE: c:/Users/lingz/AppData/Roaming/Xilinx/Vivado/.Xil/Vivado-13424-AndrewLing/coregen/mig_7series_0/mig_a.prj
MIG: 01:03:41 : Component_Name: mig_7series_0
MIG: 01:03:41 : Moving mig_7series_0 ...
MIG: 01:03:42 : Moving mig_7series_0.veo ...
MIG: 01:03:42 : Moving mig_7series_0_xmdf.tcl ...
MIG: 01:03:42 : Sending back 0
MIG: 01:03:42 : xml_input_file: mig_a.prj
MIG: 01:03:42 : Absolute path of xml_input_file: c:/Users/lingz/Desktop/Verilog/termist/vivado/project_mips.srcs/sources_1/ip/mig_7series_0_1/mig_a.prj
MIG: 01:03:42 : xml_input_file: mig_a.prj
MIG: 01:03:42 : Absolute path of xml_input_file: c:/Users/lingz/Desktop/Verilog/termist/vivado/project_mips.srcs/sources_1/ip/mig_7series_0_1/mig_a.prj
MIG: 01:03:42 : In updateAllModelParams
MIG: 01:03:42 : IGN:     <ModuleName>mig_7series_0</ModuleName> <==>     <ModuleName>mig_7series_0</ModuleName> 
MIG: 01:03:42 : IGN:         <InputClkFreq>200</InputClkFreq> <==>         <InputClkFreq>200</InputClkFreq> 
MIG: 01:03:42 : XGUI hdlLanguage: Verilog
MIG: 01:03:42 : xgui vivado_mode: xpg_pa
MIG: 01:03:42 : xgui hdlLanguage: Verilog -- hdlExt: v
MIG: 01:03:42 : Reading C:/Users/lingz/Desktop/Verilog/termist/vivado/project_mips.srcs/sources_1/ip/mig_7series_0_1/mig_7series_0/user_design/rtl/mig_7series_0_mig.v ...
MIG: 01:03:43 : 
MIG: 01:03:43 : Inside fn mem: DDR3
MIG: 01:03:43 : detect_uiclk: 100000000
MIG: 01:03:43 : cntrl:  memtype: DDR3
MIG: 01:03:43 : 
MIG: 01:03:43 :  MMCM_VCO single ctrl param_name: MMCM_VCO --  possibleMaxVcoVal: 800 
MIG: 01:03:43 : 
MIG: 01:03:43 : 
MIG: 01:03:43 : 
MIG: 01:03:43 : 
MIG: 01:03:43 :  polarity_value: 0
MIG: 01:03:43 : 
MIG: 01:03:43 : 
MIG: 01:03:43 : cntrl:  memtype: DDR3
MIG: 01:03:43 : 
MIG: 01:03:43 :  Valid Param: DDR3_BANK_WIDTH ==> 3
MIG: 01:03:43 : 
MIG: 01:03:43 :  Valid Param: DDR3_CK_WIDTH ==> 1
MIG: 01:03:43 :  Invalid Param: DDR3_COL_WIDTH ==> 10
MIG: 01:03:43 : 
MIG: 01:03:43 :  Valid Param: DDR3_CS_WIDTH ==> 1
MIG: 01:03:43 : 
MIG: 01:03:43 :  Valid Param: DDR3_nCS_PER_RANK ==> 1
MIG: 01:03:43 : 
MIG: 01:03:43 :  Valid Param: DDR3_CKE_WIDTH ==> 1
MIG: 01:03:43 :  Invalid Param: DDR3_DATA_BUF_ADDR_WIDTH ==> 5
MIG: 01:03:43 :  Invalid Param: DDR3_DQ_CNT_WIDTH ==> 4
MIG: 01:03:43 :  Invalid Param: DDR3_DQ_PER_DM ==> 8
MIG: 01:03:43 : 
MIG: 01:03:43 :  Valid Param: DDR3_DM_WIDTH ==> 2
MIG: 01:03:43 : 
MIG: 01:03:43 :  Valid Param: DDR3_DQ_WIDTH ==> 16
MIG: 01:03:43 : 
MIG: 01:03:43 :  Valid Param: DDR3_DQS_WIDTH ==> 2
MIG: 01:03:43 : 
MIG: 01:03:43 :  Valid Param: DDR3_DQS_CNT_WIDTH ==> 1
MIG: 01:03:43 :  Invalid Param: DDR3_DRAM_WIDTH ==> 8
MIG: 01:03:43 : 
MIG: 01:03:43 :  Valid Param: ECC ==> OFF
MIG: 01:03:43 : 
MIG: 01:03:43 :  Valid Param: DDR3_DATA_WIDTH ==> 16
MIG: 01:03:43 :  Invalid Param: ECC_TEST ==> "OFF"
MIG: 01:03:43 :  Invalid Param: DDR3_PAYLOAD_WIDTH ==> (ECC_TEST == "OFF") ? DATA_WIDTH : DQ_WIDTH
MIG: 01:03:43 :  Invalid Param: DDR3_MEM_ADDR_ORDER ==> "BANK_ROW_COLUMN"
MIG: 01:03:43 :  Invalid Param: DDR3_nBANK_MACHS ==> 4
MIG: 01:03:43 :  Invalid Param: DDR3_RANKS ==> 1
MIG: 01:03:43 : 
MIG: 01:03:43 :  Valid Param: DDR3_ODT_WIDTH ==> 1
MIG: 01:03:43 : 
MIG: 01:03:43 :  Valid Param: DDR3_ROW_WIDTH ==> 15
MIG: 01:03:43 : 
MIG: 01:03:43 :  Valid Param: DDR3_ADDR_WIDTH ==> 29
MIG: 01:03:43 : 
MIG: 01:03:43 :  Valid Param: DDR3_USE_CS_PORT ==> 1
MIG: 01:03:43 : 
MIG: 01:03:43 :  Valid Param: DDR3_USE_DM_PORT ==> 1
MIG: 01:03:43 : 
MIG: 01:03:43 :  Valid Param: DDR3_USE_ODT_PORT ==> 1
MIG: 01:03:43 :  Invalid Param: DDR3_IS_CLK_SHARED ==> "FALSE"
MIG: 01:03:43 :  Invalid Param: DDR3_PHY_CONTROL_MASTER_BANK ==> 0
MIG: 01:03:43 :  Invalid Param: DDR3_MEM_DENSITY ==> "4Gb"
MIG: 01:03:43 :  Invalid Param: DDR3_MEM_SPEEDGRADE ==> "107E"
MIG: 01:03:43 :  Invalid Param: DDR3_MEM_DEVICE_WIDTH ==> 16
MIG: 01:03:43 :  Invalid Param: DDR3_AL ==> "0"
MIG: 01:03:43 :  Invalid Param: DDR3_nAL ==> 0
MIG: 01:03:43 :  Invalid Param: DDR3_BURST_MODE ==> "8"
MIG: 01:03:43 :  Invalid Param: DDR3_BURST_TYPE ==> "SEQ"
MIG: 01:03:43 :  Invalid Param: DDR3_CL ==> 6
MIG: 01:03:43 :  Invalid Param: DDR3_CWL ==> 5
MIG: 01:03:43 :  Invalid Param: DDR3_OUTPUT_DRV ==> "HIGH"
MIG: 01:03:43 :  Invalid Param: DDR3_RTT_NOM ==> "60"
MIG: 01:03:43 :  Invalid Param: DDR3_RTT_WR ==> "OFF"
MIG: 01:03:43 :  Invalid Param: DDR3_ADDR_CMD_MODE ==> "1T"
MIG: 01:03:43 : 
MIG: 01:03:43 :  Valid Param: DDR3_REG_CTRL ==> OFF
MIG: 01:03:43 :  Invalid Param: DDR3_CA_MIRROR ==> "OFF"
MIG: 01:03:44 :  Invalid Param: DDR3_VDD_OP_VOLT ==> "150"
MIG: 01:03:44 :  Invalid Param: DDR3_CLKIN_PERIOD ==> 5000
MIG: 01:03:44 :  Invalid Param: DDR3_CLKFBOUT_MULT ==> 4
MIG: 01:03:44 :  Invalid Param: DDR3_DIVCLK_DIVIDE ==> 1
MIG: 01:03:44 :  Invalid Param: DDR3_CLKOUT0_PHASE ==> 0.0
MIG: 01:03:44 :  Invalid Param: DDR3_CLKOUT0_DIVIDE ==> 1
MIG: 01:03:44 :  Invalid Param: DDR3_CLKOUT1_DIVIDE ==> 2
MIG: 01:03:44 :  Invalid Param: DDR3_CLKOUT2_DIVIDE ==> 32
MIG: 01:03:44 :  Invalid Param: DDR3_CLKOUT3_DIVIDE ==> 8
MIG: 01:03:44 :  Invalid Param: DDR3_MMCM_VCO ==> 800
MIG: 01:03:44 :  Invalid Param: DDR3_MMCM_MULT_F ==> 8
MIG: 01:03:44 :  Invalid Param: DDR3_MMCM_DIVCLK_DIVIDE ==> 1
MIG: 01:03:44 :  Invalid Param: DDR3_tCKE ==> 5000
MIG: 01:03:44 :  Invalid Param: DDR3_tFAW ==> 35000
MIG: 01:03:44 :  Invalid Param: DDR3_tPRDI ==> 1_000_000
MIG: 01:03:44 :  Invalid Param: DDR3_tRAS ==> 34000
MIG: 01:03:44 :  Invalid Param: DDR3_tRCD ==> 13910
MIG: 01:03:44 :  Invalid Param: DDR3_tREFI ==> 7800000
MIG: 01:03:44 :  Invalid Param: DDR3_tRFC ==> 260000
MIG: 01:03:44 :  Invalid Param: DDR3_tRP ==> 13910
MIG: 01:03:44 :  Invalid Param: DDR3_tRRD ==> 6000
MIG: 01:03:44 :  Invalid Param: DDR3_tRTP ==> 7500
MIG: 01:03:44 :  Invalid Param: DDR3_tWTR ==> 7500
MIG: 01:03:44 :  Invalid Param: DDR3_tZQI ==> 128_000_000
MIG: 01:03:44 :  Invalid Param: DDR3_tZQCS ==> 64
MIG: 01:03:44 :  Invalid Param: DDR3_SIM_BYPASS_INIT_CAL ==> "OFF"
MIG: 01:03:44 :  Invalid Param: DDR3_SIMULATION ==> "FALSE"
MIG: 01:03:44 :  Invalid Param: DDR3_BYTE_LANES_B0 ==> 4'b1110
MIG: 01:03:44 :  Invalid Param: DDR3_BYTE_LANES_B1 ==> 4'b1100
MIG: 01:03:44 :  Invalid Param: DDR3_BYTE_LANES_B2 ==> 4'b0000
MIG: 01:03:44 :  Invalid Param: DDR3_BYTE_LANES_B3 ==> 4'b0000
MIG: 01:03:44 :  Invalid Param: DDR3_BYTE_LANES_B4 ==> 4'b0000
MIG: 01:03:44 :  Invalid Param: DDR3_DATA_CTL_B0 ==> 4'b0000
MIG: 01:03:44 :  Invalid Param: DDR3_DATA_CTL_B1 ==> 4'b1100
MIG: 01:03:44 :  Invalid Param: DDR3_DATA_CTL_B2 ==> 4'b0000
MIG: 01:03:44 :  Invalid Param: DDR3_DATA_CTL_B3 ==> 4'b0000
MIG: 01:03:44 :  Invalid Param: DDR3_DATA_CTL_B4 ==> 4'b0000
MIG: 01:03:44 :  Invalid Param: DDR3_PHY_0_BITLANES ==> 48'h3FE_FFF_C20_000
MIG: 01:03:44 :  Invalid Param: DDR3_PHY_1_BITLANES ==> 48'h3FE_3FE_000_000
MIG: 01:03:44 :  Invalid Param: DDR3_PHY_2_BITLANES ==> 48'h000_000_000_000
MIG: 01:03:44 :  Invalid Param: DDR3_CK_BYTE_MAP ==> 144'h00_00_00_00_00_00_00_00_00_00_00_00_00_00_00_00_00_03
MIG: 01:03:44 :  Invalid Param: DDR3_ADDR_MAP ==> 192'h000_039_038_037_036_035_034_033_032_031_029_028_027_026_02B_02A
MIG: 01:03:44 :  Invalid Param: DDR3_BANK_MAP ==> 36'h025_024_023
MIG: 01:03:44 :  Invalid Param: DDR3_CAS_MAP ==> 12'h021
MIG: 01:03:44 :  Invalid Param: DDR3_CKE_ODT_BYTE_MAP ==> 8'h00
MIG: 01:03:44 :  Invalid Param: DDR3_CKE_MAP ==> 96'h000_000_000_000_000_000_000_01A
MIG: 01:03:44 :  Invalid Param: DDR3_ODT_MAP ==> 96'h000_000_000_000_000_000_000_015
MIG: 01:03:44 :  Invalid Param: DDR3_CS_MAP ==> 120'h000_000_000_000_000_000_000_000_000_01B
MIG: 01:03:44 :  Invalid Param: DDR3_PARITY_MAP ==> 12'h000
MIG: 01:03:44 :  Invalid Param: DDR3_RAS_MAP ==> 12'h022
MIG: 01:03:44 :  Invalid Param: DDR3_WE_MAP ==> 12'h020
MIG: 01:03:44 :  Invalid Param: DDR3_DQS_BYTE_MAP ==> 144'h00_00_00_00_00_00_00_00_00_00_00_00_00_00_00_00_12_13
MIG: 01:03:44 :  Invalid Param: DDR3_DATA0_MAP ==> 96'h131_132_133_134_135_136_137_138
MIG: 01:03:44 :  Invalid Param: DDR3_DATA1_MAP ==> 96'h121_122_123_124_125_126_127_128
MIG: 01:03:44 :  Invalid Param: DDR3_DATA2_MAP ==> 96'h000_000_000_000_000_000_000_000
MIG: 01:03:44 :  Invalid Param: DDR3_DATA3_MAP ==> 96'h000_000_000_000_000_000_000_000
MIG: 01:03:44 :  Invalid Param: DDR3_DATA4_MAP ==> 96'h000_000_000_000_000_000_000_000
MIG: 01:03:44 :  Invalid Param: DDR3_DATA5_MAP ==> 96'h000_000_000_000_000_000_000_000
MIG: 01:03:44 :  Invalid Param: DDR3_DATA6_MAP ==> 96'h000_000_000_000_000_000_000_000
MIG: 01:03:44 :  Invalid Param: DDR3_DATA7_MAP ==> 96'h000_000_000_000_000_000_000_000
MIG: 01:03:44 :  Invalid Param: DDR3_DATA8_MAP ==> 96'h000_000_000_000_000_000_000_000
MIG: 01:03:44 :  Invalid Param: DDR3_DATA9_MAP ==> 96'h000_000_000_000_000_000_000_000
MIG: 01:03:44 :  Invalid Param: DDR3_DATA10_MAP ==> 96'h000_000_000_000_000_000_000_000
MIG: 01:03:44 :  Invalid Param: DDR3_DATA11_MAP ==> 96'h000_000_000_000_000_000_000_000
MIG: 01:03:44 :  Invalid Param: DDR3_DATA12_MAP ==> 96'h000_000_000_000_000_000_000_000
MIG: 01:03:44 :  Invalid Param: DDR3_DATA13_MAP ==> 96'h000_000_000_000_000_000_000_000
MIG: 01:03:44 :  Invalid Param: DDR3_DATA14_MAP ==> 96'h000_000_000_000_000_000_000_000
MIG: 01:03:44 :  Invalid Param: DDR3_DATA15_MAP ==> 96'h000_000_000_000_000_000_000_000
MIG: 01:03:44 :  Invalid Param: DDR3_DATA16_MAP ==> 96'h000_000_000_000_000_000_000_000
MIG: 01:03:44 :  Invalid Param: DDR3_DATA17_MAP ==> 96'h000_000_000_000_000_000_000_000
MIG: 01:03:44 :  Invalid Param: DDR3_MASK0_MAP ==> 108'h000_000_000_000_000_000_000_129_139
MIG: 01:03:44 :  Invalid Param: DDR3_MASK1_MAP ==> 108'h000_000_000_000_000_000_000_000_000
MIG: 01:03:44 :  Invalid Param: DDR3_SLOT_0_CONFIG ==> 8'b0000_0001
MIG: 01:03:44 :  Invalid Param: DDR3_SLOT_1_CONFIG ==> 8'b0000_0000
MIG: 01:03:44 :  Invalid Param: DDR3_IBUF_LPWR_MODE ==> "OFF"
MIG: 01:03:44 :  Invalid Param: DDR3_DATA_IO_IDLE_PWRDWN ==> "ON"
MIG: 01:03:44 :  Invalid Param: DDR3_BANK_TYPE ==> "HR_IO"
MIG: 01:03:44 :  Invalid Param: DDR3_DATA_IO_PRIM_TYPE ==> "HR_LP"
MIG: 01:03:44 :  Invalid Param: DDR3_CKE_ODT_AUX ==> "FALSE"
MIG: 01:03:44 :  Invalid Param: DDR3_USER_REFRESH ==> "OFF"
MIG: 01:03:44 :  Invalid Param: DDR3_WRLVL ==> "ON"
MIG: 01:03:44 :  Invalid Param: DDR3_ORDERING ==> "STRICT"
MIG: 01:03:44 :  Invalid Param: DDR3_CALIB_ROW_ADD ==> 16'h0000
MIG: 01:03:44 :  Invalid Param: DDR3_CALIB_COL_ADD ==> 12'h000
MIG: 01:03:44 :  Invalid Param: DDR3_CALIB_BA_ADD ==> 3'h0
MIG: 01:03:44 :  Invalid Param: DDR3_TCQ ==> 100
MIG: 01:03:44 :  Invalid Param: DDR3_IDELAY_ADJ ==> "OFF"
MIG: 01:03:44 :  Invalid Param: DDR3_FINE_PER_BIT ==> "OFF"
MIG: 01:03:44 :  Invalid Param: DDR3_CENTER_COMP_MODE ==> "OFF"
MIG: 01:03:44 :  Invalid Param: DDR3_PI_VAL_ADJ ==> "OFF"
MIG: 01:03:44 :  Invalid Param: DDR3_IODELAY_GRP0 ==> "MIG_7SERIES_0_IODELAY_MIG0"
MIG: 01:03:44 :  Invalid Param: DDR3_IODELAY_GRP1 ==> "MIG_7SERIES_0_IODELAY_MIG1"
MIG: 01:03:44 :  Invalid Param: DDR3_SYSCLK_TYPE ==> "NO_BUFFER"
MIG: 01:03:44 :  Invalid Param: DDR3_REFCLK_TYPE ==> "USE_SYSTEM_CLOCK"
MIG: 01:03:44 :  Invalid Param: DDR3_SYS_RST_PORT ==> "FALSE"
MIG: 01:03:44 :  Invalid Param: DDR3_FPGA_SPEED_GRADE ==> 1
MIG: 01:03:44 :  Invalid Param: DDR3_CMD_PIPE_PLUS1 ==> "ON"
MIG: 01:03:44 :  Invalid Param: DDR3_DRAM_TYPE ==> "DDR3"
MIG: 01:03:44 :  Invalid Param: DDR3_CAL_WIDTH ==> "HALF"
MIG: 01:03:44 :  Invalid Param: DDR3_STARVE_LIMIT ==> 2
MIG: 01:03:44 :  Invalid Param: DDR3_REF_CLK_MMCM_IODELAY_CTRL ==> "FALSE"
MIG: 01:03:44 :  Invalid Param: DDR3_REFCLK_FREQ ==> 200.0
MIG: 01:03:44 :  Invalid Param: DDR3_DIFF_TERM_REFCLK ==> "TRUE"
MIG: 01:03:44 :  Invalid Param: DDR3_tCK ==> 2500
MIG: 01:03:44 : 
MIG: 01:03:44 :  Valid Param: DDR3_nCK_PER_CLK ==> 4
MIG: 01:03:44 :  Invalid Param: DDR3_DIFF_TERM_SYSCLK ==> "TRUE"
MIG: 01:03:44 : 
MIG: 01:03:44 :  Valid Param: UI_EXTRA_CLOCKS ==> FALSE
MIG: 01:03:44 : 
MIG: 01:03:44 :  Valid Param: C_S_AXI_ID_WIDTH ==> 4
MIG: 01:03:44 : 
MIG: 01:03:44 :  Valid Param: C_S_AXI_MEM_SIZE ==> 536870912
MIG: 01:03:45 : 
MIG: 01:03:45 :  Valid Param: C_S_AXI_ADDR_WIDTH ==> 29
MIG: 01:03:45 : 
MIG: 01:03:45 :  Valid Param: C_S_AXI_DATA_WIDTH ==> 32
MIG: 01:03:45 :  Invalid Param: DDR3_C_MC_nCK_PER_CLK ==> 4
MIG: 01:03:45 :  Invalid Param: C_S_AXI_SUPPORTS_NARROW_BURST ==> 0
MIG: 01:03:45 :  Invalid Param: DDR3_C_RD_WR_ARB_ALGORITHM ==> "RD_PRI_REG"
MIG: 01:03:45 :  Invalid Param: C_S_AXI_REG_EN0 ==> 20'h00000
MIG: 01:03:45 :  Invalid Param: C_S_AXI_REG_EN1 ==> 20'h00000
MIG: 01:03:45 : 
MIG: 01:03:45 :  Valid Param: C_S_AXI_CTRL_ADDR_WIDTH ==> 32
MIG: 01:03:45 : 
MIG: 01:03:45 :  Valid Param: C_S_AXI_CTRL_DATA_WIDTH ==> 32
MIG: 01:03:45 :  Invalid Param: C_S_AXI_BASEADDR ==> 32'h0000_0000
MIG: 01:03:45 :  Invalid Param: C_ECC_ONOFF_RESET_VALUE ==> 1
MIG: 01:03:45 :  Invalid Param: C_ECC_CE_COUNTER_WIDTH ==> 8
MIG: 01:03:45 : 
MIG: 01:03:45 :  Valid Param: DDR3_DEBUG_PORT ==> OFF
MIG: 01:03:45 : 
MIG: 01:03:46 :  Invalid Param: DDR3_TEMP_MON_CONTROL ==> "INTERNAL"
MIG: 01:03:46 :  Invalid Param: DDR3_FPGA_VOLT_TYPE ==> "N"
MIG: 01:03:46 :  Invalid Param: DDR3_RST_ACT_LOW ==> 0
MIG: 01:03:46 : 
MIG: 01:03:46 : 
MIG: 01:03:46 : 
MIG: 01:03:46 : Same Interface
MIG: 01:03:55 : Running synthesis.xit
MIG: 01:03:55 : IGN:     <ModuleName>mig_7series_0</ModuleName> <==>     <ModuleName>mig_7series_0</ModuleName> 
MIG: 01:03:55 : IGN:         <InputClkFreq>200</InputClkFreq> <==>         <InputClkFreq>200</InputClkFreq> 
MIG: 01:03:55 : Running vlog_synth_rpr.xit
MIG: 01:03:55 : IGN:     <ModuleName>mig_7series_0</ModuleName> <==>     <ModuleName>mig_7series_0</ModuleName> 
MIG: 01:03:55 : IGN:         <InputClkFreq>200</InputClkFreq> <==>         <InputClkFreq>200</InputClkFreq> 
MIG: 01:03:56 : Running simulation.xit
MIG: 01:03:56 : IGN:     <ModuleName>mig_7series_0</ModuleName> <==>     <ModuleName>mig_7series_0</ModuleName> 
MIG: 01:03:56 : IGN:         <InputClkFreq>200</InputClkFreq> <==>         <InputClkFreq>200</InputClkFreq> 
MIG: 01:03:56 : Running vlog_sim_rpr.xit .. PRASAD DBG1
MIG: 01:03:57 : IGN:     <ModuleName>mig_7series_0</ModuleName> <==>     <ModuleName>mig_7series_0</ModuleName> 
MIG: 01:03:57 : IGN:         <InputClkFreq>200</InputClkFreq> <==>         <InputClkFreq>200</InputClkFreq> 
MIG: 01:03:57 : Running implementation.xit
MIG: 01:03:57 : IGN:     <ModuleName>mig_7series_0</ModuleName> <==>     <ModuleName>mig_7series_0</ModuleName> 
MIG: 01:03:57 : IGN:         <InputClkFreq>200</InputClkFreq> <==>         <InputClkFreq>200</InputClkFreq> 
